<?xml version="1.0" encoding="UTF-8"?>
<testsuite name="io.github.toandv.wci.frontend.pascal.tokens.WordTokenTest" tests="1" skipped="0" failures="0" errors="0" timestamp="2016-05-08T02:44:21" hostname="toan-MS-7817" time="0.001">
  <properties/>
  <testcase name="extractToken" classname="io.github.toandv.wci.frontend.pascal.tokens.WordTokenTest" time="0.001"/>
  <system-out><![CDATA[]]></system-out>
  <system-err><![CDATA[]]></system-err>
</testsuite>
